<?xml version="1.0" encoding="UTF-8"?>
<!-- Generated by org.testng.reporters.JUnitXMLReporter -->
<testsuite hostname="LAPTOP-2EQAN3L4" ignored="0" name="Mercury Tours Test Cases" tests="11" failures="0" timestamp="2021-05-22T00:37:56 IST" time="100.574" errors="0">
  <testcase name="@BeforeMethod setUp" time="21.977" classname="com.crm.qa.testcases.HotelPageTest">
    <failure type="org.openqa.selenium.TimeoutException" message="timeout: Timed out receiving message from renderer: 19.255
  (Session info: chrome=90.0.4430.212)
Build info: version: &amp;apos;3.141.59&amp;apos;, revision: &amp;apos;e82be7d358&amp;apos;, time: &amp;apos;2018-11-14T08:17:03&amp;apos;
System info: host: &amp;apos;LAPTOP-2EQAN3L4&amp;apos;, ip: &amp;apos;192.168.29.45&amp;apos;, os.name: &amp;apos;Windows 10&amp;apos;, os.arch: &amp;apos;amd64&amp;apos;, os.version: &amp;apos;10.0&amp;apos;, java.version: &amp;apos;1.8.0_291&amp;apos;
Driver info: org.openqa.selenium.chrome.ChromeDriver
Capabilities {acceptInsecureCerts: false, browserName: chrome, browserVersion: 90.0.4430.212, chrome: {chromedriverVersion: 90.0.4430.24 (4c6d850f087da..., userDataDir: C:\Users\sanka\AppData\Loca...}, goog:chromeOptions: {debuggerAddress: localhost:64614}, javascriptEnabled: true, networkConnectionEnabled: false, pageLoadStrategy: normal, platform: WINDOWS, platformName: WINDOWS, proxy: Proxy(), setWindowRect: true, strictFileInteractability: false, timeouts: {implicit: 0, pageLoad: 300000, script: 30000}, unhandledPromptBehavior: dismiss and notify, webauthn:extension:largeBlob: true, webauthn:virtualAuthenticators: true}
Session ID: 2935408fe20b63fd19e7e625401eb73e">
      <![CDATA[org.openqa.selenium.TimeoutException: timeout: Timed out receiving message from renderer: 19.255
  (Session info: chrome=90.0.4430.212)
Build info: version: '3.141.59', revision: 'e82be7d358', time: '2018-11-14T08:17:03'
System info: host: 'LAPTOP-2EQAN3L4', ip: '192.168.29.45', os.name: 'Windows 10', os.arch: 'amd64', os.version: '10.0', java.version: '1.8.0_291'
Driver info: org.openqa.selenium.chrome.ChromeDriver
Capabilities {acceptInsecureCerts: false, browserName: chrome, browserVersion: 90.0.4430.212, chrome: {chromedriverVersion: 90.0.4430.24 (4c6d850f087da..., userDataDir: C:\Users\sanka\AppData\Loca...}, goog:chromeOptions: {debuggerAddress: localhost:64614}, javascriptEnabled: true, networkConnectionEnabled: false, pageLoadStrategy: normal, platform: WINDOWS, platformName: WINDOWS, proxy: Proxy(), setWindowRect: true, strictFileInteractability: false, timeouts: {implicit: 0, pageLoad: 300000, script: 30000}, unhandledPromptBehavior: dismiss and notify, webauthn:extension:largeBlob: true, webauthn:virtualAuthenticators: true}
Session ID: 2935408fe20b63fd19e7e625401eb73e
at org.openqa.selenium.remote.http.W3CHttpResponseCodec.createException(W3CHttpResponseCodec.java:187)
at org.openqa.selenium.remote.http.W3CHttpResponseCodec.decode(W3CHttpResponseCodec.java:122)
at org.openqa.selenium.remote.http.W3CHttpResponseCodec.decode(W3CHttpResponseCodec.java:49)
at org.openqa.selenium.remote.HttpCommandExecutor.execute(HttpCommandExecutor.java:158)
at org.openqa.selenium.remote.service.DriverCommandExecutor.execute(DriverCommandExecutor.java:83)
at org.openqa.selenium.remote.RemoteWebDriver.execute(RemoteWebDriver.java:552)
at org.openqa.selenium.remote.RemoteWebDriver.get(RemoteWebDriver.java:277)
at org.openqa.selenium.support.events.EventFiringWebDriver.lambda$new$1(EventFiringWebDriver.java:105)
at com.sun.proxy.$Proxy7.get(Unknown Source)
at org.openqa.selenium.support.events.EventFiringWebDriver.get(EventFiringWebDriver.java:165)
at com.crm.qa.base.TestBase.initialization(TestBase.java:61)
at com.crm.qa.testcases.HotelPageTest.setUp(HotelPageTest.java:30)
at java.util.ArrayList.forEach(ArrayList.java:1259)
... Removed 39 stack frames]]>
    </failure>
  </testcase> <!-- @BeforeMethod setUp -->
  <testcase name="@AfterMethod tearDown" time="-1.621624076924E9" classname="com.crm.qa.testcases.HotelPageTest">
    <skipped/>
  </testcase> <!-- @AfterMethod tearDown -->
  <testcase name="@BeforeMethod setUp" time="-1.621624076925E9" classname="com.crm.qa.testcases.HotelPageTest">
    <skipped/>
  </testcase> <!-- @BeforeMethod setUp -->
  <testcase name="@AfterMethod tearDown" time="-1.621624076931E9" classname="com.crm.qa.testcases.HotelPageTest">
    <skipped/>
  </testcase> <!-- @AfterMethod tearDown -->
  <testcase name="loginPageTitleTest" time="0.021" classname="com.crm.qa.testcases.LoginPageTest"/>
  <testcase name="crmLogoImageTest" time="0.128" classname="com.crm.qa.testcases.LoginPageTest"/>
  <testcase name="loginTest" time="2.016" classname="com.crm.qa.testcases.LoginPageTest"/>
  <testcase name="verifyRegisterPageTitleTest" time="0.012" classname="com.crm.qa.testcases.RegisterPageTest"/>
  <testcase name="verifyCorrectPageNameTest" time="0.068" classname="com.crm.qa.testcases.RegisterPageTest"/>
  <testcase name="verifyFlightsLinkTest" time="1.726" classname="com.crm.qa.testcases.RegisterPageTest"/>
  <testcase name="verifyHotelLinkTest" time="1.254" classname="com.crm.qa.testcases.RegisterPageTest"/>
  <testcase name="verifyFlightsPageLabel" time="0.078" classname="com.crm.qa.testcases.FlightsPageTest"/>
  <testcase name="verifyFlightDetails" time="3.296" classname="com.crm.qa.testcases.FlightsPageTest"/>
  <testcase name="verifyHotelPageLabel" time="0.0" classname="com.crm.qa.testcases.HotelPageTest">
    <skipped/>
  </testcase> <!-- verifyHotelPageLabel -->
  <testcase name="verifyHotelDetails" time="0.0" classname="com.crm.qa.testcases.HotelPageTest">
    <skipped/>
  </testcase> <!-- verifyHotelDetails -->
</testsuite> <!-- Mercury Tours Test Cases -->
