<?xml version="1.0" encoding="UTF-8"?>
<!-- Generated by org.testng.reporters.JUnitXMLReporter -->
<testsuite hostname="LAPTOP-2EQAN3L4" ignored="0" name="Command line test" tests="11" failures="0" timestamp="2021-05-21T23:35:13 IST" time="88.853" errors="0">
  <testcase name="@BeforeMethod setUp" time="22.119" classname="com.crm.qa.testcases.RegisterPageTest">
    <failure type="org.openqa.selenium.TimeoutException" message="timeout: Timed out receiving message from renderer: -0.008
  (Session info: chrome=90.0.4430.212)
Build info: version: &amp;apos;3.141.59&amp;apos;, revision: &amp;apos;e82be7d358&amp;apos;, time: &amp;apos;2018-11-14T08:17:03&amp;apos;
System info: host: &amp;apos;LAPTOP-2EQAN3L4&amp;apos;, ip: &amp;apos;192.168.29.45&amp;apos;, os.name: &amp;apos;Windows 10&amp;apos;, os.arch: &amp;apos;amd64&amp;apos;, os.version: &amp;apos;10.0&amp;apos;, java.version: &amp;apos;1.8.0_291&amp;apos;
Driver info: org.openqa.selenium.chrome.ChromeDriver
Capabilities {acceptInsecureCerts: false, browserName: chrome, browserVersion: 90.0.4430.212, chrome: {chromedriverVersion: 90.0.4430.24 (4c6d850f087da..., userDataDir: C:\Users\sanka\AppData\Loca...}, goog:chromeOptions: {debuggerAddress: localhost:63858}, javascriptEnabled: true, networkConnectionEnabled: false, pageLoadStrategy: normal, platform: WINDOWS, platformName: WINDOWS, proxy: Proxy(), setWindowRect: true, strictFileInteractability: false, timeouts: {implicit: 0, pageLoad: 300000, script: 30000}, unhandledPromptBehavior: dismiss and notify, webauthn:extension:largeBlob: true, webauthn:virtualAuthenticators: true}
Session ID: 835208ff18e956e7448871ce177823c6">
      <![CDATA[org.openqa.selenium.TimeoutException: timeout: Timed out receiving message from renderer: -0.008
  (Session info: chrome=90.0.4430.212)
Build info: version: '3.141.59', revision: 'e82be7d358', time: '2018-11-14T08:17:03'
System info: host: 'LAPTOP-2EQAN3L4', ip: '192.168.29.45', os.name: 'Windows 10', os.arch: 'amd64', os.version: '10.0', java.version: '1.8.0_291'
Driver info: org.openqa.selenium.chrome.ChromeDriver
Capabilities {acceptInsecureCerts: false, browserName: chrome, browserVersion: 90.0.4430.212, chrome: {chromedriverVersion: 90.0.4430.24 (4c6d850f087da..., userDataDir: C:\Users\sanka\AppData\Loca...}, goog:chromeOptions: {debuggerAddress: localhost:63858}, javascriptEnabled: true, networkConnectionEnabled: false, pageLoadStrategy: normal, platform: WINDOWS, platformName: WINDOWS, proxy: Proxy(), setWindowRect: true, strictFileInteractability: false, timeouts: {implicit: 0, pageLoad: 300000, script: 30000}, unhandledPromptBehavior: dismiss and notify, webauthn:extension:largeBlob: true, webauthn:virtualAuthenticators: true}
Session ID: 835208ff18e956e7448871ce177823c6
at org.openqa.selenium.remote.http.W3CHttpResponseCodec.createException(W3CHttpResponseCodec.java:187)
at org.openqa.selenium.remote.http.W3CHttpResponseCodec.decode(W3CHttpResponseCodec.java:122)
at org.openqa.selenium.remote.http.W3CHttpResponseCodec.decode(W3CHttpResponseCodec.java:49)
at org.openqa.selenium.remote.HttpCommandExecutor.execute(HttpCommandExecutor.java:158)
at org.openqa.selenium.remote.service.DriverCommandExecutor.execute(DriverCommandExecutor.java:83)
at org.openqa.selenium.remote.RemoteWebDriver.execute(RemoteWebDriver.java:552)
at org.openqa.selenium.remote.RemoteWebDriver.get(RemoteWebDriver.java:277)
at org.openqa.selenium.support.events.EventFiringWebDriver.lambda$new$1(EventFiringWebDriver.java:105)
at com.sun.proxy.$Proxy5.get(Unknown Source)
at org.openqa.selenium.support.events.EventFiringWebDriver.get(EventFiringWebDriver.java:165)
at com.crm.qa.base.TestBase.initialization(TestBase.java:61)
at com.crm.qa.testcases.RegisterPageTest.setUp(RegisterPageTest.java:26)
at java.util.ArrayList.forEach(ArrayList.java:1259)
... Removed 49 stack frames]]>
    </failure>
  </testcase> <!-- @BeforeMethod setUp -->
  <testcase name="@AfterMethod tearDown" time="-1.621620313207E9" classname="com.crm.qa.testcases.RegisterPageTest">
    <skipped/>
  </testcase> <!-- @AfterMethod tearDown -->
  <testcase name="@BeforeMethod setUp" time="-1.621620313209E9" classname="com.crm.qa.testcases.RegisterPageTest">
    <skipped/>
  </testcase> <!-- @BeforeMethod setUp -->
  <testcase name="@AfterMethod tearDown" time="-1.621620313209E9" classname="com.crm.qa.testcases.RegisterPageTest">
    <skipped/>
  </testcase> <!-- @AfterMethod tearDown -->
  <testcase name="@BeforeMethod setUp" time="-1.62162031321E9" classname="com.crm.qa.testcases.RegisterPageTest">
    <skipped/>
  </testcase> <!-- @BeforeMethod setUp -->
  <testcase name="@AfterMethod tearDown" time="-1.621620313211E9" classname="com.crm.qa.testcases.RegisterPageTest">
    <skipped/>
  </testcase> <!-- @AfterMethod tearDown -->
  <testcase name="@BeforeMethod setUp" time="-1.621620313212E9" classname="com.crm.qa.testcases.RegisterPageTest">
    <skipped/>
  </testcase> <!-- @BeforeMethod setUp -->
  <testcase name="@AfterMethod tearDown" time="-1.621620313213E9" classname="com.crm.qa.testcases.RegisterPageTest">
    <skipped/>
  </testcase> <!-- @AfterMethod tearDown -->
  <testcase name="verifyFlightsPageLabel" time="0.135" classname="com.crm.qa.testcases.FlightsPageTest"/>
  <testcase name="verifyFlightDetails" time="3.375" classname="com.crm.qa.testcases.FlightsPageTest"/>
  <testcase name="verifyHotelPageLabel" time="0.087" classname="com.crm.qa.testcases.HotelPageTest"/>
  <testcase name="verifyHotelDetails" time="0.798" classname="com.crm.qa.testcases.HotelPageTest"/>
  <testcase name="loginPageTitleTest" time="0.01" classname="com.crm.qa.testcases.LoginPageTest"/>
  <testcase name="crmLogoImageTest" time="0.085" classname="com.crm.qa.testcases.LoginPageTest"/>
  <testcase name="loginTest" time="5.664" classname="com.crm.qa.testcases.LoginPageTest"/>
  <testcase name="verifyRegisterPageTitleTest" time="0.0" classname="com.crm.qa.testcases.RegisterPageTest">
    <skipped/>
  </testcase> <!-- verifyRegisterPageTitleTest -->
  <testcase name="verifyCorrectPageNameTest" time="0.0" classname="com.crm.qa.testcases.RegisterPageTest">
    <skipped/>
  </testcase> <!-- verifyCorrectPageNameTest -->
  <testcase name="verifyFlightsLinkTest" time="0.0" classname="com.crm.qa.testcases.RegisterPageTest">
    <skipped/>
  </testcase> <!-- verifyFlightsLinkTest -->
  <testcase name="verifyHotelLinkTest" time="0.0" classname="com.crm.qa.testcases.RegisterPageTest">
    <skipped/>
  </testcase> <!-- verifyHotelLinkTest -->
</testsuite> <!-- Command line test -->
